# JRE version: Java(TM) SE Runtime Environment (8.0_111-b14) (build 1.8.0_111-b14)
# Java VM: Java HotSpot(TM) 64-Bit Server VM (25.111-b14 mixed mode linux-amd64 compressed oops)
Heap:
 PSYoungGen      total 438272K, used 52732K [0x000000076cf00000, 0x000000078b480000, 0x00000007c0000000)
  eden space 385536K, 0% used [0x000000076cf00000,0x000000076cf00000,0x0000000784780000)
  from space 52736K, 99% used [0x0000000784780000,0x0000000787aff168,0x0000000787b00000)
  to   space 41984K, 0% used [0x0000000787b00000,0x0000000787b00000,0x000000078a400000)
 ParOldGen       total 171008K, used 53993K [0x00000006c6c00000, 0x00000006d1300000, 0x000000076cf00000)
  object space 171008K, 31% used [0x00000006c6c00000,0x00000006ca0ba4c8,0x00000006d1300000)
 Metaspace       used 33973K, capacity 35384K, committed 35496K, reserved 1081344K
  class space    used 3731K, capacity 4101K, committed 4144K, reserved 1048576K
GC Heap History (10 events):
Event: 3,599 GC heap after
Heap after GC invocations=3 (full 0):
 PSYoungGen      total 139264K, used 10231K [0x000000076cf00000, 0x000000077df00000, 0x00000007c0000000)
  eden space 129024K, 0% used [0x000000076cf00000,0x000000076cf00000,0x0000000774d00000)
  from space 10240K, 99% used [0x0000000774d00000,0x00000007756fdd50,0x0000000775700000)
  to   space 10240K, 0% used [0x000000077d500000,0x000000077d500000,0x000000077df00000)
 ParOldGen       total 171008K, used 5660K [0x00000006c6c00000, 0x00000006d1300000, 0x000000076cf00000)
  object space 171008K, 3% used [0x00000006c6c00000,0x00000006c7187250,0x00000006d1300000)
 Metaspace       used 19446K, capacity 19878K, committed 19968K, reserved 1067008K
  class space    used 2328K, capacity 2508K, committed 2560K, reserved 1048576K
}
Event: 5,400 GC heap before
{Heap before GC invocations=4 (full 0):
 PSYoungGen      total 139264K, used 133271K [0x000000076cf00000, 0x000000077df00000, 0x00000007c0000000)
  eden space 129024K, 95% used [0x000000076cf00000,0x00000007747281d8,0x0000000774d00000)
  from space 10240K, 99% used [0x0000000774d00000,0x00000007756fdd50,0x0000000775700000)
  to   space 10240K, 0% used [0x000000077d500000,0x000000077d500000,0x000000077df00000)
 ParOldGen       total 171008K, used 5660K [0x00000006c6c00000, 0x00000006d1300000, 0x000000076cf00000)
  object space 171008K, 3% used [0x00000006c6c00000,0x00000006c7187250,0x00000006d1300000)
 Metaspace       used 20767K, capacity 21222K, committed 21296K, reserved 1069056K
  class space    used 2390K, capacity 2572K, committed 2608K, reserved 1048576K
Event: 5,514 GC heap after
Heap after GC invocations=4 (full 0):
 PSYoungGen      total 268288K, used 10216K [0x000000076cf00000, 0x000000077df00000, 0x00000007c0000000)
  eden space 258048K, 0% used [0x000000076cf00000,0x000000076cf00000,0x000000077cb00000)
  from space 10240K, 99% used [0x000000077d500000,0x000000077defa2d0,0x000000077df00000)
  to   space 10240K, 0% used [0x000000077cb00000,0x000000077cb00000,0x000000077d500000)
 ParOldGen       total 171008K, used 39988K [0x00000006c6c00000, 0x00000006d1300000, 0x000000076cf00000)
  object space 171008K, 23% used [0x00000006c6c00000,0x00000006c930d2c8,0x00000006d1300000)
 Metaspace       used 20767K, capacity 21222K, committed 21296K, reserved 1069056K
  class space    used 2390K, capacity 2572K, committed 2608K, reserved 1048576K
}
Event: 5,514 GC heap before
{Heap before GC invocations=5 (full 1):
 PSYoungGen      total 268288K, used 10216K [0x000000076cf00000, 0x000000077df00000, 0x00000007c0000000)
  eden space 258048K, 0% used [0x000000076cf00000,0x000000076cf00000,0x000000077cb00000)
  from space 10240K, 99% used [0x000000077d500000,0x000000077defa2d0,0x000000077df00000)
  to   space 10240K, 0% used [0x000000077cb00000,0x000000077cb00000,0x000000077d500000)
 ParOldGen       total 171008K, used 39988K [0x00000006c6c00000, 0x00000006d1300000, 0x000000076cf00000)
  object space 171008K, 23% used [0x00000006c6c00000,0x00000006c930d2c8,0x00000006d1300000)
 Metaspace       used 20767K, capacity 21222K, committed 21296K, reserved 1069056K
  class space    used 2390K, capacity 2572K, committed 2608K, reserved 1048576K
Event: 5,735 GC heap after
Heap after GC invocations=5 (full 1):
 PSYoungGen      total 268288K, used 0K [0x000000076cf00000, 0x000000077df00000, 0x00000007c0000000)
  eden space 258048K, 0% used [0x000000076cf00000,0x000000076cf00000,0x000000077cb00000)
  from space 10240K, 0% used [0x000000077d500000,0x000000077d500000,0x000000077df00000)
  to   space 10240K, 0% used [0x000000077cb00000,0x000000077cb00000,0x000000077d500000)
 ParOldGen       total 171008K, used 47716K [0x00000006c6c00000, 0x00000006d1300000, 0x000000076cf00000)
  object space 171008K, 27% used [0x00000006c6c00000,0x00000006c9a99330,0x00000006d1300000)
 Metaspace       used 20767K, capacity 21222K, committed 21296K, reserved 1069056K
  class space    used 2390K, capacity 2572K, committed 2608K, reserved 1048576K
}
Event: 7,889 GC heap before
{Heap before GC invocations=6 (full 1):
 PSYoungGen      total 268288K, used 258048K [0x000000076cf00000, 0x000000077df00000, 0x00000007c0000000)
  eden space 258048K, 100% used [0x000000076cf00000,0x000000077cb00000,0x000000077cb00000)
  from space 10240K, 0% used [0x000000077d500000,0x000000077d500000,0x000000077df00000)
  to   space 10240K, 0% used [0x000000077cb00000,0x000000077cb00000,0x000000077d500000)
 ParOldGen       total 171008K, used 47716K [0x00000006c6c00000, 0x00000006d1300000, 0x000000076cf00000)
  object space 171008K, 27% used [0x00000006c6c00000,0x00000006c9a99330,0x00000006d1300000)
 Metaspace       used 27423K, capacity 28330K, committed 28592K, reserved 1075200K
  class space    used 3164K, capacity 3397K, committed 3504K, reserved 1048576K
Event: 7,934 GC heap after
Heap after GC invocations=6 (full 1):
 PSYoungGen      total 268288K, used 7049K [0x000000076cf00000, 0x000000078a400000, 0x00000007c0000000)
  eden space 258048K, 0% used [0x000000076cf00000,0x000000076cf00000,0x000000077cb00000)
  from space 10240K, 68% used [0x000000077cb00000,0x000000077d1e25a0,0x000000077d500000)
  to   space 41984K, 0% used [0x0000000787b00000,0x0000000787b00000,0x000000078a400000)
 ParOldGen       total 171008K, used 47724K [0x00000006c6c00000, 0x00000006d1300000, 0x000000076cf00000)
  object space 171008K, 27% used [0x00000006c6c00000,0x00000006c9a9b330,0x00000006d1300000)
 Metaspace       used 27423K, capacity 28330K, committed 28592K, reserved 1075200K
  class space    used 3164K, capacity 3397K, committed 3504K, reserved 1048576K
}
Event: 11,038 GC heap before
{Heap before GC invocations=7 (full 1):
 PSYoungGen      total 268288K, used 265097K [0x000000076cf00000, 0x000000078a400000, 0x00000007c0000000)
  eden space 258048K, 100% used [0x000000076cf00000,0x000000077cb00000,0x000000077cb00000)
  from space 10240K, 68% used [0x000000077cb00000,0x000000077d1e25a0,0x000000077d500000)
  to   space 41984K, 0% used [0x0000000787b00000,0x0000000787b00000,0x000000078a400000)
 ParOldGen       total 171008K, used 47724K [0x00000006c6c00000, 0x00000006d1300000, 0x000000076cf00000)
  object space 171008K, 27% used [0x00000006c6c00000,0x00000006c9a9b330,0x00000006d1300000)
 Metaspace       used 30015K, capacity 31330K, committed 31408K, reserved 1077248K
  class space    used 3389K, capacity 3740K, committed 3760K, reserved 1048576K
Event: 11,143 GC heap after
Heap after GC invocations=7 (full 1):
 PSYoungGen      total 427520K, used 41961K [0x000000076cf00000, 0x000000078b480000, 0x00000007c0000000)
  eden space 385536K, 0% used [0x000000076cf00000,0x000000076cf00000,0x0000000784780000)
  from space 41984K, 99% used [0x0000000787b00000,0x000000078a3fa470,0x000000078a400000)
  to   space 52736K, 0% used [0x0000000784780000,0x0000000784780000,0x0000000787b00000)
 ParOldGen       total 171008K, used 49536K [0x00000006c6c00000, 0x00000006d1300000, 0x000000076cf00000)
  object space 171008K, 28% used [0x00000006c6c00000,0x00000006c9c602c8,0x00000006d1300000)
 Metaspace       used 30015K, capacity 31330K, committed 31408K, reserved 1077248K
  class space    used 3389K, capacity 3740K, committed 3760K, reserved 1048576K
}
Event: 15,322 GC heap before
{Heap before GC invocations=8 (full 1):
 PSYoungGen      total 427520K, used 415659K [0x000000076cf00000, 0x000000078b480000, 0x00000007c0000000)
  eden space 385536K, 96% used [0x000000076cf00000,0x0000000783bf0960,0x0000000784780000)
  from space 41984K, 99% used [0x0000000787b00000,0x000000078a3fa470,0x000000078a400000)
  to   space 52736K, 0% used [0x0000000784780000,0x0000000784780000,0x0000000787b00000)
 ParOldGen       total 171008K, used 49536K [0x00000006c6c00000, 0x00000006d1300000, 0x000000076cf00000)
  object space 171008K, 28% used [0x00000006c6c00000,0x00000006c9c602c8,0x00000006d1300000)
 Metaspace       used 33973K, capacity 35384K, committed 35496K, reserved 1081344K
  class space    used 3731K, capacity 4101K, committed 4144K, reserved 1048576K

